0 info it worked if it ends with ok
1 verbose cli [ 'C:\\Program Files\\nodejs\\node.exe',
1 verbose cli   'C:\\Program Files\\nodejs\\node_modules\\npm\\bin\\npm-cli.js',
1 verbose cli   'install' ]
2 info using npm@2.15.8
3 info using node@v4.4.7
4 verbose readDependencies loading dependencies from C:\Users\Donika\Desktop\aqua\package.json
5 warn package.json aqua@1.0.0 No description
6 warn package.json aqua@1.0.0 No repository field.
7 warn package.json aqua@1.0.0 No README data
8 verbose install where, deps [ 'C:\\Users\\Donika\\Desktop\\aqua',
8 verbose install   [ 'body-parser', 'bower', 'express', 'mongoose', 'nodemon' ] ]
9 verbose install where, peers [ 'C:\\Users\\Donika\\Desktop\\aqua', [] ]
10 verbose installManyTop reading for lifecycle C:\Users\Donika\Desktop\aqua\package.json
11 info preinstall aqua@1.0.0
12 verbose installManyTop reading scoped package data from C:\Users\Donika\Desktop\aqua\node_modules\body-parser\package.json
13 verbose installManyTop reading scoped package data from C:\Users\Donika\Desktop\aqua\node_modules\bower\package.json
14 verbose installManyTop reading scoped package data from C:\Users\Donika\Desktop\aqua\node_modules\express\package.json
15 verbose installManyTop reading scoped package data from C:\Users\Donika\Desktop\aqua\node_modules\mongoose\package.json
16 verbose installManyTop reading scoped package data from C:\Users\Donika\Desktop\aqua\node_modules\nodemon\package.json
17 verbose readDependencies loading dependencies from C:\Users\Donika\Desktop\aqua\package.json
18 verbose targetResolver reading package data from C:\Users\Donika\Desktop\aqua\node_modules\body-parser\package.json
19 verbose targetResolver reading package data from C:\Users\Donika\Desktop\aqua\node_modules\bower\package.json
20 verbose targetResolver reading package data from C:\Users\Donika\Desktop\aqua\node_modules\express\package.json
21 verbose targetResolver reading package data from C:\Users\Donika\Desktop\aqua\node_modules\mongoose\package.json
22 verbose targetResolver reading package data from C:\Users\Donika\Desktop\aqua\node_modules\nodemon\package.json
23 verbose targetResolver reading package data from C:\Users\Donika\Desktop\aqua\node_modules\.bin\bower\package.json
24 verbose targetResolver reading package data from C:\Users\Donika\Desktop\aqua\node_modules\.bin\bower.cmd\package.json
25 verbose targetResolver reading package data from C:\Users\Donika\Desktop\aqua\node_modules\.bin\nodemon\package.json
26 verbose targetResolver reading package data from C:\Users\Donika\Desktop\aqua\node_modules\.bin\nodemon.cmd\package.json
27 verbose already installed skipping body-parser@^1.15.2 C:\Users\Donika\Desktop\aqua
28 verbose already installed skipping bower@^1.8.0 C:\Users\Donika\Desktop\aqua
29 verbose already installed skipping express@^4.14.0 C:\Users\Donika\Desktop\aqua
30 verbose already installed skipping mongoose@^4.7.1 C:\Users\Donika\Desktop\aqua
31 verbose already installed skipping nodemon@^1.11.0 C:\Users\Donika\Desktop\aqua
32 silly install resolved []
33 info build C:\Users\Donika\Desktop\aqua
34 info linkStuff aqua@1.0.0
35 silly linkStuff aqua@1.0.0 has C:\Users\Donika\Desktop as its parent node_modules
36 verbose linkBins aqua@1.0.0
37 verbose linkMans aqua@1.0.0
38 verbose rebuildBundles aqua@1.0.0
39 verbose rebuildBundles [ '.bin', 'body-parser', 'bower', 'express', 'mongoose', 'nodemon' ]
40 info install aqua@1.0.0
41 info postinstall aqua@1.0.0
42 verbose unsafe-perm in lifecycle true
43 info aqua@1.0.0 Failed to exec postinstall script
44 verbose stack Error: aqua@1.0.0 postinstall: `bower install`
44 verbose stack Exit status 1
44 verbose stack     at EventEmitter.<anonymous> (C:\Program Files\nodejs\node_modules\npm\lib\utils\lifecycle.js:217:16)
44 verbose stack     at emitTwo (events.js:87:13)
44 verbose stack     at EventEmitter.emit (events.js:172:7)
44 verbose stack     at ChildProcess.<anonymous> (C:\Program Files\nodejs\node_modules\npm\lib\utils\spawn.js:24:14)
44 verbose stack     at emitTwo (events.js:87:13)
44 verbose stack     at ChildProcess.emit (events.js:172:7)
44 verbose stack     at maybeClose (internal/child_process.js:827:16)
44 verbose stack     at Process.ChildProcess._handle.onexit (internal/child_process.js:211:5)
45 verbose pkgid aqua@1.0.0
46 verbose cwd C:\Users\Donika\Desktop\aqua
47 error Windows_NT 10.0.14393
48 error argv "C:\\Program Files\\nodejs\\node.exe" "C:\\Program Files\\nodejs\\node_modules\\npm\\bin\\npm-cli.js" "install"
49 error node v4.4.7
50 error npm  v2.15.8
51 error code ELIFECYCLE
52 error aqua@1.0.0 postinstall: `bower install`
52 error Exit status 1
53 error Failed at the aqua@1.0.0 postinstall script 'bower install'.
53 error This is most likely a problem with the aqua package,
53 error not with npm itself.
53 error Tell the author that this fails on your system:
53 error     bower install
53 error You can get information on how to open an issue for this project with:
53 error     npm bugs aqua
53 error Or if that isn't available, you can get their info via:
53 error
53 error     npm owner ls aqua
53 error There is likely additional logging output above.
54 verbose exit [ 1, true ]
